# JRE version: OpenJDK Runtime Environment Temurin-21.0.10+7 (21.0.10+7) (build 21.0.10+7-LTS)
# Java VM: OpenJDK 64-Bit Server VM Temurin-21.0.10+7 (21.0.10+7-LTS, mixed mode, sharing, tiered, compressed oops, compressed class ptrs, parallel gc, windows-amd64)
GC Precious Log:
 CardTable entry size: 512
 CPUs: 8 total, 8 available
 Memory: 7959M
 Large Page Support: Disabled
 NUMA Support: Disabled
 Compressed Oops: Enabled (32-bit)
 Alignments: Space 512K, Generation 512K, Heap 2M
 Heap Min Capacity: 100M
 Heap Initial Capacity: 100M
 Heap Max Capacity: 2G
 Pre-touch: Disabled
 Parallel Workers: 8
Heap:
 PSYoungGen      total 18432K, used 17451K [0x00000000d5580000, 0x00000000d6900000, 0x0000000100000000)
  eden space 17408K, 96% used [0x00000000d5580000,0x00000000d65d4d70,0x00000000d6680000)
  from space 1024K, 71% used [0x00000000d6700000,0x00000000d67b6088,0x00000000d6800000)
  to   space 1024K, 0% used [0x00000000d6800000,0x00000000d6800000,0x00000000d6900000)
 ParOldGen       total 68608K, used 45402K [0x0000000080000000, 0x0000000084300000, 0x00000000d5580000)
  object space 68608K, 66% used [0x0000000080000000,0x0000000082c56a10,0x0000000084300000)
 Metaspace       used 66553K, committed 68096K, reserved 1114112K
  class space    used 8433K, committed 9088K, reserved 1048576K
GC Heap History (20 events):
Event: 24.287 GC heap before
{Heap before GC invocations=45 (full 3):
 PSYoungGen      total 18944K, used 18199K [0x00000000d5580000, 0x00000000d6a80000, 0x0000000100000000)
  eden space 17408K, 100% used [0x00000000d5580000,0x00000000d6680000,0x00000000d6680000)
  from space 1536K, 51% used [0x00000000d6800000,0x00000000d68c5cf8,0x00000000d6980000)
  to   space 1024K, 0% used [0x00000000d6980000,0x00000000d6980000,0x00000000d6a80000)
 ParOldGen       total 68608K, used 41059K [0x0000000080000000, 0x0000000084300000, 0x00000000d5580000)
  object space 68608K, 59% used [0x0000000080000000,0x0000000082818f70,0x0000000084300000)
 Metaspace       used 60529K, committed 61824K, reserved 1114112K
  class space    used 7630K, committed 8192K, reserved 1048576K
}
Event: 24.288 GC heap after
{Heap after GC invocations=45 (full 3):
 PSYoungGen      total 17920K, used 256K [0x00000000d5580000, 0x00000000d6a00000, 0x0000000100000000)
  eden space 17408K, 0% used [0x00000000d5580000,0x00000000d5580000,0x00000000d6680000)
  from space 512K, 50% used [0x00000000d6980000,0x00000000d69c0000,0x00000000d6a00000)
  to   space 512K, 0% used [0x00000000d6900000,0x00000000d6900000,0x00000000d6980000)
 ParOldGen       total 68608K, used 41115K [0x0000000080000000, 0x0000000084300000, 0x00000000d5580000)
  object space 68608K, 59% used [0x0000000080000000,0x0000000082826f70,0x0000000084300000)
 Metaspace       used 60529K, committed 61824K, reserved 1114112K
  class space    used 7630K, committed 8192K, reserved 1048576K
}
Event: 24.706 GC heap before
{Heap before GC invocations=46 (full 3):
 PSYoungGen      total 17920K, used 17664K [0x00000000d5580000, 0x00000000d6a00000, 0x0000000100000000)
  eden space 17408K, 100% used [0x00000000d5580000,0x00000000d6680000,0x00000000d6680000)
  from space 512K, 50% used [0x00000000d6980000,0x00000000d69c0000,0x00000000d6a00000)
  to   space 512K, 0% used [0x00000000d6900000,0x00000000d6900000,0x00000000d6980000)
 ParOldGen       total 68608K, used 41115K [0x0000000080000000, 0x0000000084300000, 0x00000000d5580000)
  object space 68608K, 59% used [0x0000000080000000,0x0000000082826f70,0x0000000084300000)
 Metaspace       used 60529K, committed 61824K, reserved 1114112K
  class space    used 7630K, committed 8192K, reserved 1048576K
}
Event: 24.707 GC heap after
{Heap after GC invocations=46 (full 3):
 PSYoungGen      total 17920K, used 503K [0x00000000d5580000, 0x00000000d6a00000, 0x0000000100000000)
  eden space 17408K, 0% used [0x00000000d5580000,0x00000000d5580000,0x00000000d6680000)
  from space 512K, 98% used [0x00000000d6900000,0x00000000d697df30,0x00000000d6980000)
  to   space 512K, 0% used [0x00000000d6980000,0x00000000d6980000,0x00000000d6a00000)
 ParOldGen       total 68608K, used 41808K [0x0000000080000000, 0x0000000084300000, 0x00000000d5580000)
  object space 68608K, 60% used [0x0000000080000000,0x00000000828d4330,0x0000000084300000)
 Metaspace       used 60529K, committed 61824K, reserved 1114112K
  class space    used 7630K, committed 8192K, reserved 1048576K
}
Event: 24.882 GC heap before
{Heap before GC invocations=47 (full 3):
 PSYoungGen      total 17920K, used 17911K [0x00000000d5580000, 0x00000000d6a00000, 0x0000000100000000)
  eden space 17408K, 100% used [0x00000000d5580000,0x00000000d6680000,0x00000000d6680000)
  from space 512K, 98% used [0x00000000d6900000,0x00000000d697df30,0x00000000d6980000)
  to   space 512K, 0% used [0x00000000d6980000,0x00000000d6980000,0x00000000d6a00000)
 ParOldGen       total 68608K, used 41808K [0x0000000080000000, 0x0000000084300000, 0x00000000d5580000)
  object space 68608K, 60% used [0x0000000080000000,0x00000000828d4330,0x0000000084300000)
 Metaspace       used 60529K, committed 61824K, reserved 1114112K
  class space    used 7630K, committed 8192K, reserved 1048576K
}
Event: 24.885 GC heap after
{Heap after GC invocations=47 (full 3):
 PSYoungGen      total 17920K, used 487K [0x00000000d5580000, 0x00000000d6a00000, 0x0000000100000000)
  eden space 17408K, 0% used [0x00000000d5580000,0x00000000d5580000,0x00000000d6680000)
  from space 512K, 95% used [0x00000000d6980000,0x00000000d69f9f00,0x00000000d6a00000)
  to   space 1536K, 0% used [0x00000000d6700000,0x00000000d6700000,0x00000000d6880000)
 ParOldGen       total 68608K, used 42536K [0x0000000080000000, 0x0000000084300000, 0x00000000d5580000)
  object space 68608K, 61% used [0x0000000080000000,0x000000008298a1c0,0x0000000084300000)
 Metaspace       used 60529K, committed 61824K, reserved 1114112K
  class space    used 7630K, committed 8192K, reserved 1048576K
}
Event: 25.093 GC heap before
{Heap before GC invocations=48 (full 3):
 PSYoungGen      total 17920K, used 17895K [0x00000000d5580000, 0x00000000d6a00000, 0x0000000100000000)
  eden space 17408K, 100% used [0x00000000d5580000,0x00000000d6680000,0x00000000d6680000)
  from space 512K, 95% used [0x00000000d6980000,0x00000000d69f9f00,0x00000000d6a00000)
  to   space 1536K, 0% used [0x00000000d6700000,0x00000000d6700000,0x00000000d6880000)
 ParOldGen       total 68608K, used 42536K [0x0000000080000000, 0x0000000084300000, 0x00000000d5580000)
  object space 68608K, 61% used [0x0000000080000000,0x000000008298a1c0,0x0000000084300000)
 Metaspace       used 61499K, committed 62784K, reserved 1114112K
  class space    used 7762K, committed 8320K, reserved 1048576K
}
Event: 25.094 GC heap after
{Heap after GC invocations=48 (full 3):
 PSYoungGen      total 18944K, used 400K [0x00000000d5580000, 0x00000000d6a00000, 0x0000000100000000)
  eden space 17408K, 0% used [0x00000000d5580000,0x00000000d5580000,0x00000000d6680000)
  from space 1536K, 26% used [0x00000000d6700000,0x00000000d6764010,0x00000000d6880000)
  to   space 1024K, 0% used [0x00000000d6900000,0x00000000d6900000,0x00000000d6a00000)
 ParOldGen       total 68608K, used 42576K [0x0000000080000000, 0x0000000084300000, 0x00000000d5580000)
  object space 68608K, 62% used [0x0000000080000000,0x00000000829941c0,0x0000000084300000)
 Metaspace       used 61499K, committed 62784K, reserved 1114112K
  class space    used 7762K, committed 8320K, reserved 1048576K
}
Event: 26.063 GC heap before
{Heap before GC invocations=49 (full 3):
 PSYoungGen      total 18944K, used 17808K [0x00000000d5580000, 0x00000000d6a00000, 0x0000000100000000)
  eden space 17408K, 100% used [0x00000000d5580000,0x00000000d6680000,0x00000000d6680000)
  from space 1536K, 26% used [0x00000000d6700000,0x00000000d6764010,0x00000000d6880000)
  to   space 1024K, 0% used [0x00000000d6900000,0x00000000d6900000,0x00000000d6a00000)
 ParOldGen       total 68608K, used 42576K [0x0000000080000000, 0x0000000084300000, 0x00000000d5580000)
  object space 68608K, 62% used [0x0000000080000000,0x00000000829941c0,0x0000000084300000)
 Metaspace       used 63416K, committed 64832K, reserved 1114112K
  class space    used 8075K, committed 8704K, reserved 1048576K
}
Event: 26.064 GC heap after
{Heap after GC invocations=49 (full 3):
 PSYoungGen      total 18432K, used 944K [0x00000000d5580000, 0x00000000d6a00000, 0x0000000100000000)
  eden space 17408K, 0% used [0x00000000d5580000,0x00000000d5580000,0x00000000d6680000)
  from space 1024K, 92% used [0x00000000d6900000,0x00000000d69ec020,0x00000000d6a00000)
  to   space 1536K, 0% used [0x00000000d6700000,0x00000000d6700000,0x00000000d6880000)
 ParOldGen       total 68608K, used 42896K [0x0000000080000000, 0x0000000084300000, 0x00000000d5580000)
  object space 68608K, 62% used [0x0000000080000000,0x00000000829e41e0,0x0000000084300000)
 Metaspace       used 63416K, committed 64832K, reserved 1114112K
  class space    used 8075K, committed 8704K, reserved 1048576K
}
Event: 28.495 GC heap before
{Heap before GC invocations=50 (full 3):
 PSYoungGen      total 18432K, used 18352K [0x00000000d5580000, 0x00000000d6a00000, 0x0000000100000000)
  eden space 17408K, 100% used [0x00000000d5580000,0x00000000d6680000,0x00000000d6680000)
  from space 1024K, 92% used [0x00000000d6900000,0x00000000d69ec020,0x00000000d6a00000)
  to   space 1536K, 0% used [0x00000000d6700000,0x00000000d6700000,0x00000000d6880000)
 ParOldGen       total 68608K, used 42896K [0x0000000080000000, 0x0000000084300000, 0x00000000d5580000)
  object space 68608K, 62% used [0x0000000080000000,0x00000000829e41e0,0x0000000084300000)
 Metaspace       used 64153K, committed 65600K, reserved 1114112K
  class space    used 8160K, committed 8768K, reserved 1048576K
}
Event: 28.502 GC heap after
{Heap after GC invocations=50 (full 3):
 PSYoungGen      total 18944K, used 1096K [0x00000000d5580000, 0x00000000d6980000, 0x0000000100000000)
  eden space 17408K, 0% used [0x00000000d5580000,0x00000000d5580000,0x00000000d6680000)
  from space 1536K, 71% used [0x00000000d6700000,0x00000000d6812230,0x00000000d6880000)
  to   space 1024K, 0% used [0x00000000d6880000,0x00000000d6880000,0x00000000d6980000)
 ParOldGen       total 68608K, used 43772K [0x0000000080000000, 0x0000000084300000, 0x00000000d5580000)
  object space 68608K, 63% used [0x0000000080000000,0x0000000082abf200,0x0000000084300000)
 Metaspace       used 64153K, committed 65600K, reserved 1114112K
  class space    used 8160K, committed 8768K, reserved 1048576K
}
Event: 29.644 GC heap before
{Heap before GC invocations=51 (full 3):
 PSYoungGen      total 18944K, used 18504K [0x00000000d5580000, 0x00000000d6980000, 0x0000000100000000)
  eden space 17408K, 100% used [0x00000000d5580000,0x00000000d6680000,0x00000000d6680000)
  from space 1536K, 71% used [0x00000000d6700000,0x00000000d6812230,0x00000000d6880000)
  to   space 1024K, 0% used [0x00000000d6880000,0x00000000d6880000,0x00000000d6980000)
 ParOldGen       total 68608K, used 43772K [0x0000000080000000, 0x0000000084300000, 0x00000000d5580000)
  object space 68608K, 63% used [0x0000000080000000,0x0000000082abf200,0x0000000084300000)
 Metaspace       used 64391K, committed 65856K, reserved 1114112K
  class space    used 8187K, committed 8832K, reserved 1048576K
}
Event: 29.646 GC heap after
{Heap after GC invocations=51 (full 3):
 PSYoungGen      total 17920K, used 224K [0x00000000d5580000, 0x00000000d6900000, 0x0000000100000000)
  eden space 17408K, 0% used [0x00000000d5580000,0x00000000d5580000,0x00000000d6680000)
  from space 512K, 43% used [0x00000000d6880000,0x00000000d68b8000,0x00000000d6900000)
  to   space 1024K, 0% used [0x00000000d6700000,0x00000000d6700000,0x00000000d6800000)
 ParOldGen       total 68608K, used 44655K [0x0000000080000000, 0x0000000084300000, 0x00000000d5580000)
  object space 68608K, 65% used [0x0000000080000000,0x0000000082b9bd80,0x0000000084300000)
 Metaspace       used 64391K, committed 65856K, reserved 1114112K
  class space    used 8187K, committed 8832K, reserved 1048576K
}
Event: 30.905 GC heap before
{Heap before GC invocations=52 (full 3):
 PSYoungGen      total 17920K, used 17632K [0x00000000d5580000, 0x00000000d6900000, 0x0000000100000000)
  eden space 17408K, 100% used [0x00000000d5580000,0x00000000d6680000,0x00000000d6680000)
  from space 512K, 43% used [0x00000000d6880000,0x00000000d68b8000,0x00000000d6900000)
  to   space 1024K, 0% used [0x00000000d6700000,0x00000000d6700000,0x00000000d6800000)
 ParOldGen       total 68608K, used 44655K [0x0000000080000000, 0x0000000084300000, 0x00000000d5580000)
  object space 68608K, 65% used [0x0000000080000000,0x0000000082b9bd80,0x0000000084300000)
 Metaspace       used 64395K, committed 65856K, reserved 1114112K
  class space    used 8187K, committed 8832K, reserved 1048576K
}
Event: 30.906 GC heap after
{Heap after GC invocations=52 (full 3):
 PSYoungGen      total 18432K, used 192K [0x00000000d5580000, 0x00000000d6900000, 0x0000000100000000)
  eden space 17408K, 0% used [0x00000000d5580000,0x00000000d5580000,0x00000000d6680000)
  from space 1024K, 18% used [0x00000000d6700000,0x00000000d6730000,0x00000000d6800000)
  to   space 512K, 0% used [0x00000000d6880000,0x00000000d6880000,0x00000000d6900000)
 ParOldGen       total 68608K, used 44815K [0x0000000080000000, 0x0000000084300000, 0x00000000d5580000)
  object space 68608K, 65% used [0x0000000080000000,0x0000000082bc3d80,0x0000000084300000)
 Metaspace       used 64395K, committed 65856K, reserved 1114112K
  class space    used 8187K, committed 8832K, reserved 1048576K
}
Event: 32.105 GC heap before
{Heap before GC invocations=53 (full 3):
 PSYoungGen      total 18432K, used 17600K [0x00000000d5580000, 0x00000000d6900000, 0x0000000100000000)
  eden space 17408K, 100% used [0x00000000d5580000,0x00000000d6680000,0x00000000d6680000)
  from space 1024K, 18% used [0x00000000d6700000,0x00000000d6730000,0x00000000d6800000)
  to   space 512K, 0% used [0x00000000d6880000,0x00000000d6880000,0x00000000d6900000)
 ParOldGen       total 68608K, used 44815K [0x0000000080000000, 0x0000000084300000, 0x00000000d5580000)
  object space 68608K, 65% used [0x0000000080000000,0x0000000082bc3d80,0x0000000084300000)
 Metaspace       used 65086K, committed 66624K, reserved 1114112K
  class space    used 8268K, committed 8960K, reserved 1048576K
}
Event: 32.107 GC heap after
{Heap after GC invocations=53 (full 3):
 PSYoungGen      total 17920K, used 504K [0x00000000d5580000, 0x00000000d6900000, 0x0000000100000000)
  eden space 17408K, 0% used [0x00000000d5580000,0x00000000d5580000,0x00000000d6680000)
  from space 512K, 98% used [0x00000000d6880000,0x00000000d68fe1a8,0x00000000d6900000)
  to   space 1024K, 0% used [0x00000000d6700000,0x00000000d6700000,0x00000000d6800000)
 ParOldGen       total 68608K, used 45031K [0x0000000080000000, 0x0000000084300000, 0x00000000d5580000)
  object space 68608K, 65% used [0x0000000080000000,0x0000000082bf9d90,0x0000000084300000)
 Metaspace       used 65086K, committed 66624K, reserved 1114112K
  class space    used 8268K, committed 8960K, reserved 1048576K
}
Event: 40.408 GC heap before
{Heap before GC invocations=54 (full 3):
 PSYoungGen      total 17920K, used 17912K [0x00000000d5580000, 0x00000000d6900000, 0x0000000100000000)
  eden space 17408K, 100% used [0x00000000d5580000,0x00000000d6680000,0x00000000d6680000)
  from space 512K, 98% used [0x00000000d6880000,0x00000000d68fe1a8,0x00000000d6900000)
  to   space 1024K, 0% used [0x00000000d6700000,0x00000000d6700000,0x00000000d6800000)
 ParOldGen       total 68608K, used 45031K [0x0000000080000000, 0x0000000084300000, 0x00000000d5580000)
  object space 68608K, 65% used [0x0000000080000000,0x0000000082bf9d90,0x0000000084300000)
 Metaspace       used 65363K, committed 66880K, reserved 1114112K
  class space    used 8289K, committed 8960K, reserved 1048576K
}
Event: 40.413 GC heap after
{Heap after GC invocations=54 (full 3):
 PSYoungGen      total 18432K, used 728K [0x00000000d5580000, 0x00000000d6900000, 0x0000000100000000)
  eden space 17408K, 0% used [0x00000000d5580000,0x00000000d5580000,0x00000000d6680000)
  from space 1024K, 71% used [0x00000000d6700000,0x00000000d67b6088,0x00000000d6800000)
  to   space 1024K, 0% used [0x00000000d6800000,0x00000000d6800000,0x00000000d6900000)
 ParOldGen       total 68608K, used 45402K [0x0000000080000000, 0x0000000084300000, 0x00000000d5580000)
  object space 68608K, 66% used [0x0000000080000000,0x0000000082c56a10,0x0000000084300000)
 Metaspace       used 65363K, committed 66880K, reserved 1114112K
  class space    used 8289K, committed 8960K, reserved 1048576K
}

