# JRE version: OpenJDK Runtime Environment Temurin-21.0.10+7 (21.0.10+7) (build 21.0.10+7-LTS)
# Java VM: OpenJDK 64-Bit Server VM Temurin-21.0.10+7 (21.0.10+7-LTS, mixed mode, sharing, tiered, compressed oops, compressed class ptrs, g1 gc, windows-amd64)
GC Precious Log:
 CardTable entry size: 512
 Card Set container configuration: InlinePtr #cards 5 size 8 Array Of Cards #cards 12 size 40 Howl #buckets 4 coarsen threshold 1843 Howl Bitmap #cards 512 size 80 coarsen threshold 460 Card regions per heap region 1 cards per card region 2048
 CPUs: 8 total, 8 available
 Memory: 7959M
 Large Page Support: Disabled
 NUMA Support: Disabled
 Compressed Oops: Enabled (32-bit)
 Heap Region Size: 1M
 Heap Min Capacity: 8M
 Heap Initial Capacity: 126M
 Heap Max Capacity: 1536M
 Pre-touch: Disabled
 Parallel Workers: 8
 Concurrent Workers: 2
 Concurrent Refinement Workers: 8
 Periodic GC: Disabled
Heap:
 garbage-first heap   total 93184K, used 57760K [0x00000000a0000000, 0x0000000100000000)
  region size 1024K, 25 young (25600K), 4 survivors (4096K)
 Metaspace       used 37375K, committed 38528K, reserved 1114112K
  class space    used 5364K, committed 5888K, reserved 1048576K
GC Heap History (16 events):
Event: 1.084 GC heap before
{Heap before GC invocations=0 (full 0):
 garbage-first heap   total 129024K, used 23552K [0x00000000a0000000, 0x0000000100000000)
  region size 1024K, 23 young (23552K), 0 survivors (0K)
 Metaspace       used 1042K, committed 1152K, reserved 1114112K
  class space    used 81K, committed 128K, reserved 1048576K
}
Event: 1.088 GC heap after
{Heap after GC invocations=1 (full 0):
 garbage-first heap   total 129024K, used 1962K [0x00000000a0000000, 0x0000000100000000)
  region size 1024K, 2 young (2048K), 2 survivors (2048K)
 Metaspace       used 1042K, committed 1152K, reserved 1114112K
  class space    used 81K, committed 128K, reserved 1048576K
}
Event: 2.230 GC heap before
{Heap before GC invocations=1 (full 0):
 garbage-first heap   total 129024K, used 39850K [0x00000000a0000000, 0x0000000100000000)
  region size 1024K, 37 young (37888K), 2 survivors (2048K)
 Metaspace       used 4365K, committed 4544K, reserved 1114112K
  class space    used 556K, committed 640K, reserved 1048576K
}
Event: 2.240 GC heap after
{Heap after GC invocations=2 (full 0):
 garbage-first heap   total 129024K, used 10779K [0x00000000a0000000, 0x0000000100000000)
  region size 1024K, 5 young (5120K), 5 survivors (5120K)
 Metaspace       used 4365K, committed 4544K, reserved 1114112K
  class space    used 556K, committed 640K, reserved 1048576K
}
Event: 3.884 GC heap before
{Heap before GC invocations=2 (full 0):
 garbage-first heap   total 129024K, used 60955K [0x00000000a0000000, 0x0000000100000000)
  region size 1024K, 52 young (53248K), 5 survivors (5120K)
 Metaspace       used 5024K, committed 5248K, reserved 1114112K
  class space    used 663K, committed 768K, reserved 1048576K
}
Event: 3.903 GC heap after
{Heap after GC invocations=3 (full 0):
 garbage-first heap   total 129024K, used 16659K [0x00000000a0000000, 0x0000000100000000)
  region size 1024K, 5 young (5120K), 5 survivors (5120K)
 Metaspace       used 5024K, committed 5248K, reserved 1114112K
  class space    used 663K, committed 768K, reserved 1048576K
}
Event: 10.529 GC heap before
{Heap before GC invocations=3 (full 0):
 garbage-first heap   total 129024K, used 88339K [0x00000000a0000000, 0x0000000100000000)
  region size 1024K, 75 young (76800K), 5 survivors (5120K)
 Metaspace       used 17766K, committed 18240K, reserved 1114112K
  class space    used 2553K, committed 2752K, reserved 1048576K
}
Event: 10.541 GC heap after
{Heap after GC invocations=4 (full 0):
 garbage-first heap   total 129024K, used 22735K [0x00000000a0000000, 0x0000000100000000)
  region size 1024K, 10 young (10240K), 10 survivors (10240K)
 Metaspace       used 17766K, committed 18240K, reserved 1114112K
  class space    used 2553K, committed 2752K, reserved 1048576K
}
Event: 12.669 GC heap before
{Heap before GC invocations=4 (full 0):
 garbage-first heap   total 129024K, used 46287K [0x00000000a0000000, 0x0000000100000000)
  region size 1024K, 34 young (34816K), 10 survivors (10240K)
 Metaspace       used 20872K, committed 21504K, reserved 1114112K
  class space    used 3085K, committed 3392K, reserved 1048576K
}
Event: 12.681 GC heap after
{Heap after GC invocations=5 (full 0):
 garbage-first heap   total 129024K, used 24482K [0x00000000a0000000, 0x0000000100000000)
  region size 1024K, 3 young (3072K), 3 survivors (3072K)
 Metaspace       used 20872K, committed 21504K, reserved 1114112K
  class space    used 3085K, committed 3392K, reserved 1048576K
}
Event: 17.737 GC heap before
{Heap before GC invocations=6 (full 0):
 garbage-first heap   total 86016K, used 84898K [0x00000000a0000000, 0x0000000100000000)
  region size 1024K, 62 young (63488K), 3 survivors (3072K)
 Metaspace       used 30748K, committed 31744K, reserved 1114112K
  class space    used 4453K, committed 4928K, reserved 1048576K
}
Event: 17.746 GC heap after
{Heap after GC invocations=7 (full 0):
 garbage-first heap   total 93184K, used 28843K [0x00000000a0000000, 0x0000000100000000)
  region size 1024K, 7 young (7168K), 7 survivors (7168K)
 Metaspace       used 30748K, committed 31744K, reserved 1114112K
  class space    used 4453K, committed 4928K, reserved 1048576K
}
Event: 19.629 GC heap before
{Heap before GC invocations=7 (full 0):
 garbage-first heap   total 93184K, used 75947K [0x00000000a0000000, 0x0000000100000000)
  region size 1024K, 54 young (55296K), 7 survivors (7168K)
 Metaspace       used 34881K, committed 35968K, reserved 1114112K
  class space    used 5057K, committed 5568K, reserved 1048576K
}
Event: 19.641 GC heap after
{Heap after GC invocations=8 (full 0):
 garbage-first heap   total 93184K, used 32612K [0x00000000a0000000, 0x0000000100000000)
  region size 1024K, 4 young (4096K), 4 survivors (4096K)
 Metaspace       used 34881K, committed 35968K, reserved 1114112K
  class space    used 5057K, committed 5568K, reserved 1048576K
}
Event: 19.643 GC heap before
{Heap before GC invocations=8 (full 0):
 garbage-first heap   total 93184K, used 32612K [0x00000000a0000000, 0x0000000100000000)
  region size 1024K, 5 young (5120K), 4 survivors (4096K)
 Metaspace       used 34894K, committed 35968K, reserved 1114112K
  class space    used 5057K, committed 5568K, reserved 1048576K
}
Event: 19.651 GC heap after
{Heap after GC invocations=9 (full 0):
 garbage-first heap   total 93184K, used 32160K [0x00000000a0000000, 0x0000000100000000)
  region size 1024K, 4 young (4096K), 4 survivors (4096K)
 Metaspace       used 34894K, committed 35968K, reserved 1114112K
  class space    used 5057K, committed 5568K, reserved 1048576K
}

