# JRE version: OpenJDK Runtime Environment Temurin-21.0.11+10 (21.0.11+10) (build 21.0.11+10-LTS)
# Java VM: OpenJDK 64-Bit Server VM Temurin-21.0.11+10 (21.0.11+10-LTS, mixed mode, sharing, tiered, compressed oops, compressed class ptrs, parallel gc, windows-amd64)
GC Precious Log:
 CardTable entry size: 512
 CPUs: 8 total, 8 available
 Memory: 7959M
 Large Page Support: Disabled
 NUMA Support: Disabled
 Compressed Oops: Enabled (32-bit)
 Alignments: Space 512K, Generation 512K, Heap 2M
 Heap Min Capacity: 100M
 Heap Initial Capacity: 100M
 Heap Max Capacity: 2G
 Pre-touch: Disabled
 Parallel Workers: 8
Heap:
 PSYoungGen      total 13312K, used 8863K [0x00000000d5580000, 0x00000000d6500000, 0x0000000100000000)
  eden space 12800K, 65% used [0x00000000d5580000,0x00000000d5da7f78,0x00000000d6200000)
  from space 512K, 100% used [0x00000000d6400000,0x00000000d6480000,0x00000000d6480000)
  to   space 1536K, 0% used [0x00000000d6200000,0x00000000d6200000,0x00000000d6380000)
 ParOldGen       total 68608K, used 56810K [0x0000000080000000, 0x0000000084300000, 0x00000000d5580000)
  object space 68608K, 82% used [0x0000000080000000,0x000000008377aa18,0x0000000084300000)
 Metaspace       used 67290K, committed 68736K, reserved 1114112K
  class space    used 7971K, committed 8576K, reserved 1048576K
GC Heap History (20 events):
Event: 10114.591 GC heap before
{Heap before GC invocations=44 (full 3):
 PSYoungGen      total 15872K, used 15537K [0x00000000d5580000, 0x00000000d6780000, 0x0000000100000000)
  eden space 13824K, 100% used [0x00000000d5580000,0x00000000d6300000,0x00000000d6300000)
  from space 2048K, 83% used [0x00000000d6580000,0x00000000d672c420,0x00000000d6780000)
  to   space 2048K, 0% used [0x00000000d6380000,0x00000000d6380000,0x00000000d6580000)
 ParOldGen       total 68608K, used 44411K [0x0000000080000000, 0x0000000084300000, 0x00000000d5580000)
  object space 68608K, 64% used [0x0000000080000000,0x0000000082b5eef8,0x0000000084300000)
 Metaspace       used 62251K, committed 63552K, reserved 1114112K
  class space    used 7346K, committed 7872K, reserved 1048576K
}
Event: 10114.595 GC heap after
{Heap after GC invocations=44 (full 3):
 PSYoungGen      total 15872K, used 1632K [0x00000000d5580000, 0x00000000d6700000, 0x0000000100000000)
  eden space 13824K, 0% used [0x00000000d5580000,0x00000000d5580000,0x00000000d6300000)
  from space 2048K, 79% used [0x00000000d6380000,0x00000000d6518010,0x00000000d6580000)
  to   space 1536K, 0% used [0x00000000d6580000,0x00000000d6580000,0x00000000d6700000)
 ParOldGen       total 68608K, used 45983K [0x0000000080000000, 0x0000000084300000, 0x00000000d5580000)
  object space 68608K, 67% used [0x0000000080000000,0x0000000082ce7fd8,0x0000000084300000)
 Metaspace       used 62251K, committed 63552K, reserved 1114112K
  class space    used 7346K, committed 7872K, reserved 1048576K
}
Event: 10114.798 GC heap before
{Heap before GC invocations=45 (full 3):
 PSYoungGen      total 15872K, used 15456K [0x00000000d5580000, 0x00000000d6700000, 0x0000000100000000)
  eden space 13824K, 100% used [0x00000000d5580000,0x00000000d6300000,0x00000000d6300000)
  from space 2048K, 79% used [0x00000000d6380000,0x00000000d6518010,0x00000000d6580000)
  to   space 1536K, 0% used [0x00000000d6580000,0x00000000d6580000,0x00000000d6700000)
 ParOldGen       total 68608K, used 45983K [0x0000000080000000, 0x0000000084300000, 0x00000000d5580000)
  object space 68608K, 67% used [0x0000000080000000,0x0000000082ce7fd8,0x0000000084300000)
 Metaspace       used 62276K, committed 63616K, reserved 1114112K
  class space    used 7346K, committed 7872K, reserved 1048576K
}
Event: 10114.802 GC heap after
{Heap after GC invocations=45 (full 3):
 PSYoungGen      total 14336K, used 1506K [0x00000000d5580000, 0x00000000d6a00000, 0x0000000100000000)
  eden space 12800K, 0% used [0x00000000d5580000,0x00000000d5580000,0x00000000d6200000)
  from space 1536K, 98% used [0x00000000d6580000,0x00000000d66f8800,0x00000000d6700000)
  to   space 3584K, 0% used [0x00000000d6200000,0x00000000d6200000,0x00000000d6580000)
 ParOldGen       total 68608K, used 47687K [0x0000000080000000, 0x0000000084300000, 0x00000000d5580000)
  object space 68608K, 69% used [0x0000000080000000,0x0000000082e91fe8,0x0000000084300000)
 Metaspace       used 62276K, committed 63616K, reserved 1114112K
  class space    used 7346K, committed 7872K, reserved 1048576K
}
Event: 10114.895 GC heap before
{Heap before GC invocations=46 (full 3):
 PSYoungGen      total 14336K, used 14306K [0x00000000d5580000, 0x00000000d6a00000, 0x0000000100000000)
  eden space 12800K, 100% used [0x00000000d5580000,0x00000000d6200000,0x00000000d6200000)
  from space 1536K, 98% used [0x00000000d6580000,0x00000000d66f8800,0x00000000d6700000)
  to   space 3584K, 0% used [0x00000000d6200000,0x00000000d6200000,0x00000000d6580000)
 ParOldGen       total 68608K, used 47687K [0x0000000080000000, 0x0000000084300000, 0x00000000d5580000)
  object space 68608K, 69% used [0x0000000080000000,0x0000000082e91fe8,0x0000000084300000)
 Metaspace       used 62278K, committed 63616K, reserved 1114112K
  class space    used 7346K, committed 7872K, reserved 1048576K
}
Event: 10114.902 GC heap after
{Heap after GC invocations=46 (full 3):
 PSYoungGen      total 14336K, used 1508K [0x00000000d5580000, 0x00000000d6700000, 0x0000000100000000)
  eden space 12800K, 0% used [0x00000000d5580000,0x00000000d5580000,0x00000000d6200000)
  from space 1536K, 98% used [0x00000000d6200000,0x00000000d6379000,0x00000000d6380000)
  to   space 2560K, 0% used [0x00000000d6480000,0x00000000d6480000,0x00000000d6700000)
 ParOldGen       total 68608K, used 49102K [0x0000000080000000, 0x0000000084300000, 0x00000000d5580000)
  object space 68608K, 71% used [0x0000000080000000,0x0000000082ff3998,0x0000000084300000)
 Metaspace       used 62278K, committed 63616K, reserved 1114112K
  class space    used 7346K, committed 7872K, reserved 1048576K
}
Event: 10115.036 GC heap before
{Heap before GC invocations=47 (full 3):
 PSYoungGen      total 14336K, used 14308K [0x00000000d5580000, 0x00000000d6700000, 0x0000000100000000)
  eden space 12800K, 100% used [0x00000000d5580000,0x00000000d6200000,0x00000000d6200000)
  from space 1536K, 98% used [0x00000000d6200000,0x00000000d6379000,0x00000000d6380000)
  to   space 2560K, 0% used [0x00000000d6480000,0x00000000d6480000,0x00000000d6700000)
 ParOldGen       total 68608K, used 49102K [0x0000000080000000, 0x0000000084300000, 0x00000000d5580000)
  object space 68608K, 71% used [0x0000000080000000,0x0000000082ff3998,0x0000000084300000)
 Metaspace       used 62280K, committed 63616K, reserved 1114112K
  class space    used 7346K, committed 7872K, reserved 1048576K
}
Event: 10115.039 GC heap after
{Heap after GC invocations=47 (full 3):
 PSYoungGen      total 14336K, used 1344K [0x00000000d5580000, 0x00000000d6600000, 0x0000000100000000)
  eden space 12800K, 0% used [0x00000000d5580000,0x00000000d5580000,0x00000000d6200000)
  from space 1536K, 87% used [0x00000000d6480000,0x00000000d65d0000,0x00000000d6600000)
  to   space 1536K, 0% used [0x00000000d6200000,0x00000000d6200000,0x00000000d6380000)
 ParOldGen       total 68608K, used 50494K [0x0000000080000000, 0x0000000084300000, 0x00000000d5580000)
  object space 68608K, 73% used [0x0000000080000000,0x000000008314fa98,0x0000000084300000)
 Metaspace       used 62280K, committed 63616K, reserved 1114112K
  class space    used 7346K, committed 7872K, reserved 1048576K
}
Event: 10115.168 GC heap before
{Heap before GC invocations=48 (full 3):
 PSYoungGen      total 14336K, used 14144K [0x00000000d5580000, 0x00000000d6600000, 0x0000000100000000)
  eden space 12800K, 100% used [0x00000000d5580000,0x00000000d6200000,0x00000000d6200000)
  from space 1536K, 87% used [0x00000000d6480000,0x00000000d65d0000,0x00000000d6600000)
  to   space 1536K, 0% used [0x00000000d6200000,0x00000000d6200000,0x00000000d6380000)
 ParOldGen       total 68608K, used 50494K [0x0000000080000000, 0x0000000084300000, 0x00000000d5580000)
  object space 68608K, 73% used [0x0000000080000000,0x000000008314fa98,0x0000000084300000)
 Metaspace       used 62296K, committed 63616K, reserved 1114112K
  class space    used 7347K, committed 7872K, reserved 1048576K
}
Event: 10115.171 GC heap after
{Heap after GC invocations=48 (full 3):
 PSYoungGen      total 14336K, used 1504K [0x00000000d5580000, 0x00000000d6800000, 0x0000000100000000)
  eden space 12800K, 0% used [0x00000000d5580000,0x00000000d5580000,0x00000000d6200000)
  from space 1536K, 97% used [0x00000000d6200000,0x00000000d6378010,0x00000000d6380000)
  to   space 3072K, 0% used [0x00000000d6500000,0x00000000d6500000,0x00000000d6800000)
 ParOldGen       total 68608K, used 51750K [0x0000000080000000, 0x0000000084300000, 0x00000000d5580000)
  object space 68608K, 75% used [0x0000000080000000,0x0000000083289a98,0x0000000084300000)
 Metaspace       used 62296K, committed 63616K, reserved 1114112K
  class space    used 7347K, committed 7872K, reserved 1048576K
}
Event: 10115.294 GC heap before
{Heap before GC invocations=49 (full 3):
 PSYoungGen      total 14336K, used 14304K [0x00000000d5580000, 0x00000000d6800000, 0x0000000100000000)
  eden space 12800K, 100% used [0x00000000d5580000,0x00000000d6200000,0x00000000d6200000)
  from space 1536K, 97% used [0x00000000d6200000,0x00000000d6378010,0x00000000d6380000)
  to   space 3072K, 0% used [0x00000000d6500000,0x00000000d6500000,0x00000000d6800000)
 ParOldGen       total 68608K, used 51750K [0x0000000080000000, 0x0000000084300000, 0x00000000d5580000)
  object space 68608K, 75% used [0x0000000080000000,0x0000000083289a98,0x0000000084300000)
 Metaspace       used 62316K, committed 63616K, reserved 1114112K
  class space    used 7347K, committed 7872K, reserved 1048576K
}
Event: 10115.300 GC heap after
{Heap after GC invocations=49 (full 3):
 PSYoungGen      total 14336K, used 1368K [0x00000000d5580000, 0x00000000d6680000, 0x0000000100000000)
  eden space 12800K, 0% used [0x00000000d5580000,0x00000000d5580000,0x00000000d6200000)
  from space 1536K, 89% used [0x00000000d6500000,0x00000000d6656200,0x00000000d6680000)
  to   space 2048K, 0% used [0x00000000d6280000,0x00000000d6280000,0x00000000d6480000)
 ParOldGen       total 68608K, used 53230K [0x0000000080000000, 0x0000000084300000, 0x00000000d5580000)
  object space 68608K, 77% used [0x0000000080000000,0x00000000833fbaa8,0x0000000084300000)
 Metaspace       used 62316K, committed 63616K, reserved 1114112K
  class space    used 7347K, committed 7872K, reserved 1048576K
}
Event: 10115.449 GC heap before
{Heap before GC invocations=50 (full 3):
 PSYoungGen      total 14336K, used 14168K [0x00000000d5580000, 0x00000000d6680000, 0x0000000100000000)
  eden space 12800K, 100% used [0x00000000d5580000,0x00000000d6200000,0x00000000d6200000)
  from space 1536K, 89% used [0x00000000d6500000,0x00000000d6656200,0x00000000d6680000)
  to   space 2048K, 0% used [0x00000000d6280000,0x00000000d6280000,0x00000000d6480000)
 ParOldGen       total 68608K, used 53230K [0x0000000080000000, 0x0000000084300000, 0x00000000d5580000)
  object space 68608K, 77% used [0x0000000080000000,0x00000000833fbaa8,0x0000000084300000)
 Metaspace       used 62490K, committed 63744K, reserved 1114112K
  class space    used 7362K, committed 7872K, reserved 1048576K
}
Event: 10115.453 GC heap after
{Heap after GC invocations=50 (full 3):
 PSYoungGen      total 14336K, used 1344K [0x00000000d5580000, 0x00000000d6580000, 0x0000000100000000)
  eden space 12800K, 0% used [0x00000000d5580000,0x00000000d5580000,0x00000000d6200000)
  from space 1536K, 87% used [0x00000000d6280000,0x00000000d63d0020,0x00000000d6400000)
  to   space 1536K, 0% used [0x00000000d6400000,0x00000000d6400000,0x00000000d6580000)
 ParOldGen       total 68608K, used 54471K [0x0000000080000000, 0x0000000084300000, 0x00000000d5580000)
  object space 68608K, 79% used [0x0000000080000000,0x0000000083531ca8,0x0000000084300000)
 Metaspace       used 62490K, committed 63744K, reserved 1114112K
  class space    used 7362K, committed 7872K, reserved 1048576K
}
Event: 10116.050 GC heap before
{Heap before GC invocations=51 (full 3):
 PSYoungGen      total 14336K, used 14138K [0x00000000d5580000, 0x00000000d6580000, 0x0000000100000000)
  eden space 12800K, 99% used [0x00000000d5580000,0x00000000d61fe828,0x00000000d6200000)
  from space 1536K, 87% used [0x00000000d6280000,0x00000000d63d0020,0x00000000d6400000)
  to   space 1536K, 0% used [0x00000000d6400000,0x00000000d6400000,0x00000000d6580000)
 ParOldGen       total 68608K, used 54471K [0x0000000080000000, 0x0000000084300000, 0x00000000d5580000)
  object space 68608K, 79% used [0x0000000080000000,0x0000000083531ca8,0x0000000084300000)
 Metaspace       used 63614K, committed 64960K, reserved 1114112K
  class space    used 7484K, committed 8064K, reserved 1048576K
}
Event: 10116.054 GC heap after
{Heap after GC invocations=51 (full 3):
 PSYoungGen      total 13824K, used 729K [0x00000000d5580000, 0x00000000d6500000, 0x0000000100000000)
  eden space 12800K, 0% used [0x00000000d5580000,0x00000000d5580000,0x00000000d6200000)
  from space 1024K, 71% used [0x00000000d6400000,0x00000000d64b6490,0x00000000d6500000)
  to   space 1024K, 0% used [0x00000000d6300000,0x00000000d6300000,0x00000000d6400000)
 ParOldGen       total 68608K, used 55612K [0x0000000080000000, 0x0000000084300000, 0x00000000d5580000)
  object space 68608K, 81% used [0x0000000080000000,0x000000008364f040,0x0000000084300000)
 Metaspace       used 63614K, committed 64960K, reserved 1114112K
  class space    used 7484K, committed 8064K, reserved 1048576K
}
Event: 10116.455 GC heap before
{Heap before GC invocations=52 (full 3):
 PSYoungGen      total 13824K, used 13529K [0x00000000d5580000, 0x00000000d6500000, 0x0000000100000000)
  eden space 12800K, 99% used [0x00000000d5580000,0x00000000d61ffff0,0x00000000d6200000)
  from space 1024K, 71% used [0x00000000d6400000,0x00000000d64b6490,0x00000000d6500000)
  to   space 1024K, 0% used [0x00000000d6300000,0x00000000d6300000,0x00000000d6400000)
 ParOldGen       total 68608K, used 55612K [0x0000000080000000, 0x0000000084300000, 0x00000000d5580000)
  object space 68608K, 81% used [0x0000000080000000,0x000000008364f040,0x0000000084300000)
 Metaspace       used 65463K, committed 66816K, reserved 1114112K
  class space    used 7695K, committed 8256K, reserved 1048576K
}
Event: 10116.457 GC heap after
{Heap after GC invocations=52 (full 3):
 PSYoungGen      total 13824K, used 570K [0x00000000d5580000, 0x00000000d6480000, 0x0000000100000000)
  eden space 12800K, 0% used [0x00000000d5580000,0x00000000d5580000,0x00000000d6200000)
  from space 1024K, 55% used [0x00000000d6300000,0x00000000d638eb30,0x00000000d6400000)
  to   space 512K, 0% used [0x00000000d6400000,0x00000000d6400000,0x00000000d6480000)
 ParOldGen       total 68608K, used 56242K [0x0000000080000000, 0x0000000084300000, 0x00000000d5580000)
  object space 68608K, 81% used [0x0000000080000000,0x00000000836ecaa8,0x0000000084300000)
 Metaspace       used 65463K, committed 66816K, reserved 1114112K
  class space    used 7695K, committed 8256K, reserved 1048576K
}
Event: 10117.206 GC heap before
{Heap before GC invocations=53 (full 3):
 PSYoungGen      total 13824K, used 13370K [0x00000000d5580000, 0x00000000d6480000, 0x0000000100000000)
  eden space 12800K, 100% used [0x00000000d5580000,0x00000000d6200000,0x00000000d6200000)
  from space 1024K, 55% used [0x00000000d6300000,0x00000000d638eb30,0x00000000d6400000)
  to   space 512K, 0% used [0x00000000d6400000,0x00000000d6400000,0x00000000d6480000)
 ParOldGen       total 68608K, used 56242K [0x0000000080000000, 0x0000000084300000, 0x00000000d5580000)
  object space 68608K, 81% used [0x0000000080000000,0x00000000836ecaa8,0x0000000084300000)
 Metaspace       used 66626K, committed 68032K, reserved 1114112K
  class space    used 7890K, committed 8512K, reserved 1048576K
}
Event: 10117.212 GC heap after
{Heap after GC invocations=53 (full 3):
 PSYoungGen      total 13312K, used 512K [0x00000000d5580000, 0x00000000d6500000, 0x0000000100000000)
  eden space 12800K, 0% used [0x00000000d5580000,0x00000000d5580000,0x00000000d6200000)
  from space 512K, 100% used [0x00000000d6400000,0x00000000d6480000,0x00000000d6480000)
  to   space 1536K, 0% used [0x00000000d6200000,0x00000000d6200000,0x00000000d6380000)
 ParOldGen       total 68608K, used 56810K [0x0000000080000000, 0x0000000084300000, 0x00000000d5580000)
  object space 68608K, 82% used [0x0000000080000000,0x000000008377aa18,0x0000000084300000)
 Metaspace       used 66626K, committed 68032K, reserved 1114112K
  class space    used 7890K, committed 8512K, reserved 1048576K
}

