# JRE version: OpenJDK Runtime Environment Temurin-21.0.10+7 (21.0.10+7) (build 21.0.10+7-LTS)
# Java VM: OpenJDK 64-Bit Server VM Temurin-21.0.10+7 (21.0.10+7-LTS, mixed mode, sharing, tiered, compressed oops, compressed class ptrs, g1 gc, windows-amd64)
GC Precious Log:
 CardTable entry size: 512
 Card Set container configuration: InlinePtr #cards 5 size 8 Array Of Cards #cards 12 size 40 Howl #buckets 4 coarsen threshold 1843 Howl Bitmap #cards 512 size 80 coarsen threshold 460 Card regions per heap region 1 cards per card region 2048
 CPUs: 8 total, 8 available
 Memory: 7959M
 Large Page Support: Disabled
 NUMA Support: Disabled
 Compressed Oops: Enabled (32-bit)
 Heap Region Size: 1M
 Heap Min Capacity: 8M
 Heap Initial Capacity: 126M
 Heap Max Capacity: 1536M
 Pre-touch: Disabled
 Parallel Workers: 8
 Concurrent Workers: 2
 Concurrent Refinement Workers: 8
 Periodic GC: Disabled
Heap:
 garbage-first heap   total 116736K, used 103745K [0x00000000a0000000, 0x0000000100000000)
  region size 1024K, 37 young (37888K), 4 survivors (4096K)
 Metaspace       used 65419K, committed 67392K, reserved 1114112K
  class space    used 9245K, committed 10240K, reserved 1048576K
GC Heap History (20 events):
Event: 14.179 GC heap before
{Heap before GC invocations=16 (full 0):
 garbage-first heap   total 81920K, used 73698K [0x00000000a0000000, 0x0000000100000000)
  region size 1024K, 31 young (31744K), 2 survivors (2048K)
 Metaspace       used 50104K, committed 51840K, reserved 1114112K
  class space    used 7226K, committed 8064K, reserved 1048576K
}
Event: 14.183 GC heap after
{Heap after GC invocations=17 (full 0):
 garbage-first heap   total 81920K, used 45692K [0x00000000a0000000, 0x0000000100000000)
  region size 1024K, 3 young (3072K), 3 survivors (3072K)
 Metaspace       used 50104K, committed 51840K, reserved 1114112K
  class space    used 7226K, committed 8064K, reserved 1048576K
}
Event: 14.740 GC heap before
{Heap before GC invocations=17 (full 0):
 garbage-first heap   total 81920K, used 74364K [0x00000000a0000000, 0x0000000100000000)
  region size 1024K, 32 young (32768K), 3 survivors (3072K)
 Metaspace       used 50161K, committed 51904K, reserved 1114112K
  class space    used 7227K, committed 8064K, reserved 1048576K
}
Event: 14.746 GC heap after
{Heap after GC invocations=18 (full 0):
 garbage-first heap   total 81920K, used 45466K [0x00000000a0000000, 0x0000000100000000)
  region size 1024K, 2 young (2048K), 2 survivors (2048K)
 Metaspace       used 50161K, committed 51904K, reserved 1114112K
  class space    used 7227K, committed 8064K, reserved 1048576K
}
Event: 15.023 GC heap before
{Heap before GC invocations=18 (full 0):
 garbage-first heap   total 81920K, used 56730K [0x00000000a0000000, 0x0000000100000000)
  region size 1024K, 15 young (15360K), 2 survivors (2048K)
 Metaspace       used 50278K, committed 52096K, reserved 1114112K
  class space    used 7246K, committed 8128K, reserved 1048576K
}
Event: 15.027 GC heap after
{Heap after GC invocations=19 (full 0):
 garbage-first heap   total 81920K, used 46277K [0x00000000a0000000, 0x0000000100000000)
  region size 1024K, 3 young (3072K), 3 survivors (3072K)
 Metaspace       used 50278K, committed 52096K, reserved 1114112K
  class space    used 7246K, committed 8128K, reserved 1048576K
}
Event: 15.813 GC heap before
{Heap before GC invocations=20 (full 0):
 garbage-first heap   total 83968K, used 81093K [0x00000000a0000000, 0x0000000100000000)
  region size 1024K, 32 young (32768K), 3 survivors (3072K)
 Metaspace       used 51965K, committed 53696K, reserved 1114112K
  class space    used 7474K, committed 8320K, reserved 1048576K
}
Event: 15.820 GC heap after
{Heap after GC invocations=21 (full 0):
 garbage-first heap   total 92160K, used 58198K [0x00000000a0000000, 0x0000000100000000)
  region size 1024K, 4 young (4096K), 4 survivors (4096K)
 Metaspace       used 51965K, committed 53696K, reserved 1114112K
  class space    used 7474K, committed 8320K, reserved 1048576K
}
Event: 16.384 GC heap before
{Heap before GC invocations=21 (full 0):
 garbage-first heap   total 92160K, used 83798K [0x00000000a0000000, 0x0000000100000000)
  region size 1024K, 29 young (29696K), 4 survivors (4096K)
 Metaspace       used 54287K, committed 56128K, reserved 1114112K
  class space    used 7768K, committed 8640K, reserved 1048576K
}
Event: 16.388 GC heap after
{Heap after GC invocations=22 (full 0):
 garbage-first heap   total 93184K, used 60975K [0x00000000a0000000, 0x0000000100000000)
  region size 1024K, 2 young (2048K), 2 survivors (2048K)
 Metaspace       used 54287K, committed 56128K, reserved 1114112K
  class space    used 7768K, committed 8640K, reserved 1048576K
}
Event: 16.787 GC heap before
{Heap before GC invocations=22 (full 0):
 garbage-first heap   total 93184K, used 85551K [0x00000000a0000000, 0x0000000100000000)
  region size 1024K, 26 young (26624K), 2 survivors (2048K)
 Metaspace       used 57037K, committed 58880K, reserved 1114112K
  class space    used 8079K, committed 8960K, reserved 1048576K
}
Event: 16.790 GC heap after
{Heap after GC invocations=23 (full 0):
 garbage-first heap   total 93184K, used 61224K [0x00000000a0000000, 0x0000000100000000)
  region size 1024K, 2 young (2048K), 2 survivors (2048K)
 Metaspace       used 57037K, committed 58880K, reserved 1114112K
  class space    used 8079K, committed 8960K, reserved 1048576K
}
Event: 17.687 GC heap before
{Heap before GC invocations=24 (full 0):
 garbage-first heap   total 102400K, used 86824K [0x00000000a0000000, 0x0000000100000000)
  region size 1024K, 27 young (27648K), 2 survivors (2048K)
 Metaspace       used 60178K, committed 62080K, reserved 1114112K
  class space    used 8549K, committed 9536K, reserved 1048576K
}
Event: 17.700 GC heap after
{Heap after GC invocations=25 (full 0):
 garbage-first heap   total 102400K, used 63578K [0x00000000a0000000, 0x0000000100000000)
  region size 1024K, 4 young (4096K), 4 survivors (4096K)
 Metaspace       used 60178K, committed 62080K, reserved 1114112K
  class space    used 8549K, committed 9536K, reserved 1048576K
}
Event: 18.261 GC heap before
{Heap before GC invocations=25 (full 0):
 garbage-first heap   total 102400K, used 96346K [0x00000000a0000000, 0x0000000100000000)
  region size 1024K, 32 young (32768K), 4 survivors (4096K)
 Metaspace       used 61644K, committed 63616K, reserved 1114112K
  class space    used 8747K, committed 9728K, reserved 1048576K
}
Event: 18.271 GC heap after
{Heap after GC invocations=26 (full 0):
 garbage-first heap   total 106496K, used 67453K [0x00000000a0000000, 0x0000000100000000)
  region size 1024K, 4 young (4096K), 4 survivors (4096K)
 Metaspace       used 61644K, committed 63616K, reserved 1114112K
  class space    used 8747K, committed 9728K, reserved 1048576K
}
Event: 18.981 GC heap before
{Heap before GC invocations=26 (full 0):
 garbage-first heap   total 106496K, used 96125K [0x00000000a0000000, 0x0000000100000000)
  region size 1024K, 32 young (32768K), 4 survivors (4096K)
 Metaspace       used 63824K, committed 65792K, reserved 1114112K
  class space    used 9026K, committed 9984K, reserved 1048576K
}
Event: 18.985 GC heap after
{Heap after GC invocations=27 (full 0):
 garbage-first heap   total 106496K, used 69483K [0x00000000a0000000, 0x0000000100000000)
  region size 1024K, 2 young (2048K), 2 survivors (2048K)
 Metaspace       used 63824K, committed 65792K, reserved 1114112K
  class space    used 9026K, committed 9984K, reserved 1048576K
}
Event: 19.405 GC heap before
{Heap before GC invocations=28 (full 0):
 garbage-first heap   total 116736K, used 97131K [0x00000000a0000000, 0x0000000100000000)
  region size 1024K, 29 young (29696K), 2 survivors (2048K)
 Metaspace       used 64969K, committed 66944K, reserved 1114112K
  class space    used 9181K, committed 10176K, reserved 1048576K
}
Event: 19.409 GC heap after
{Heap after GC invocations=29 (full 0):
 garbage-first heap   total 116736K, used 70977K [0x00000000a0000000, 0x0000000100000000)
  region size 1024K, 4 young (4096K), 4 survivors (4096K)
 Metaspace       used 64969K, committed 66944K, reserved 1114112K
  class space    used 9181K, committed 10176K, reserved 1048576K
}

