# JRE version: OpenJDK Runtime Environment Temurin-21.0.10+7 (21.0.10+7) (build 21.0.10+7-LTS)
# Java VM: OpenJDK 64-Bit Server VM Temurin-21.0.10+7 (21.0.10+7-LTS, mixed mode, sharing, tiered, compressed oops, compressed class ptrs, g1 gc, windows-amd64)
GC Precious Log:
 CardTable entry size: 512
 Card Set container configuration: InlinePtr #cards 5 size 8 Array Of Cards #cards 12 size 40 Howl #buckets 4 coarsen threshold 1843 Howl Bitmap #cards 512 size 80 coarsen threshold 460 Card regions per heap region 1 cards per card region 2048
 CPUs: 8 total, 8 available
 Memory: 7959M
 Large Page Support: Disabled
 NUMA Support: Disabled
 Compressed Oops: Enabled (32-bit)
 Heap Region Size: 1M
 Heap Min Capacity: 8M
 Heap Initial Capacity: 126M
 Heap Max Capacity: 1536M
 Pre-touch: Disabled
 Parallel Workers: 8
 Concurrent Workers: 2
 Concurrent Refinement Workers: 8
 Periodic GC: Disabled
Heap:
 garbage-first heap   total 157696K, used 104567K [0x00000000a0000000, 0x0000000100000000)
  region size 1024K, 14 young (14336K), 6 survivors (6144K)
 Metaspace       used 82719K, committed 84992K, reserved 1179648K
  class space    used 11844K, committed 12992K, reserved 1048576K
GC Heap History (20 events):
Event: 20.190 GC heap before
{Heap before GC invocations=28 (full 0):
 garbage-first heap   total 119808K, used 97573K [0x00000000a0000000, 0x0000000100000000)
  region size 1024K, 30 young (30720K), 4 survivors (4096K)
 Metaspace       used 65265K, committed 67264K, reserved 1114112K
  class space    used 9216K, committed 10240K, reserved 1048576K
}
Event: 20.198 GC heap after
{Heap after GC invocations=29 (full 0):
 garbage-first heap   total 119808K, used 73102K [0x00000000a0000000, 0x0000000100000000)
  region size 1024K, 4 young (4096K), 4 survivors (4096K)
 Metaspace       used 65265K, committed 67264K, reserved 1114112K
  class space    used 9216K, committed 10240K, reserved 1048576K
}
Event: 21.073 GC heap before
{Heap before GC invocations=29 (full 0):
 garbage-first heap   total 119808K, used 108942K [0x00000000a0000000, 0x0000000100000000)
  region size 1024K, 39 young (39936K), 4 survivors (4096K)
 Metaspace       used 67499K, committed 69504K, reserved 1114112K
  class space    used 9518K, committed 10496K, reserved 1048576K
}
Event: 21.080 GC heap after
{Heap after GC invocations=30 (full 0):
 garbage-first heap   total 119808K, used 75679K [0x00000000a0000000, 0x0000000100000000)
  region size 1024K, 5 young (5120K), 5 survivors (5120K)
 Metaspace       used 67499K, committed 69504K, reserved 1114112K
  class space    used 9518K, committed 10496K, reserved 1048576K
}
Event: 21.492 GC heap before
{Heap before GC invocations=30 (full 0):
 garbage-first heap   total 119808K, used 86943K [0x00000000a0000000, 0x0000000100000000)
  region size 1024K, 17 young (17408K), 5 survivors (5120K)
 Metaspace       used 68465K, committed 70464K, reserved 1114112K
  class space    used 9659K, committed 10688K, reserved 1048576K
}
Event: 21.497 GC heap after
{Heap after GC invocations=31 (full 0):
 garbage-first heap   total 119808K, used 76658K [0x00000000a0000000, 0x0000000100000000)
  region size 1024K, 4 young (4096K), 4 survivors (4096K)
 Metaspace       used 68465K, committed 70464K, reserved 1114112K
  class space    used 9659K, committed 10688K, reserved 1048576K
}
Event: 22.423 GC heap before
{Heap before GC invocations=32 (full 0):
 garbage-first heap   total 132096K, used 111474K [0x00000000a0000000, 0x0000000100000000)
  region size 1024K, 37 young (37888K), 4 survivors (4096K)
 Metaspace       used 71356K, committed 73408K, reserved 1114112K
  class space    used 10168K, committed 11200K, reserved 1048576K
}
Event: 22.428 GC heap after
{Heap after GC invocations=33 (full 0):
 garbage-first heap   total 132096K, used 77603K [0x00000000a0000000, 0x0000000100000000)
  region size 1024K, 2 young (2048K), 2 survivors (2048K)
 Metaspace       used 71356K, committed 73408K, reserved 1114112K
  class space    used 10168K, committed 11200K, reserved 1048576K
}
Event: 23.398 GC heap before
{Heap before GC invocations=33 (full 0):
 garbage-first heap   total 132096K, used 121635K [0x00000000a0000000, 0x0000000100000000)
  region size 1024K, 45 young (46080K), 2 survivors (2048K)
 Metaspace       used 75022K, committed 77184K, reserved 1114112K
  class space    used 10723K, committed 11776K, reserved 1048576K
}
Event: 23.404 GC heap after
{Heap after GC invocations=34 (full 0):
 garbage-first heap   total 132096K, used 79908K [0x00000000a0000000, 0x0000000100000000)
  region size 1024K, 4 young (4096K), 4 survivors (4096K)
 Metaspace       used 75022K, committed 77184K, reserved 1114112K
  class space    used 10723K, committed 11776K, reserved 1048576K
}
Event: 24.267 GC heap before
{Heap before GC invocations=34 (full 0):
 garbage-first heap   total 132096K, used 121892K [0x00000000a0000000, 0x0000000100000000)
  region size 1024K, 46 young (47104K), 4 survivors (4096K)
 Metaspace       used 75218K, committed 77376K, reserved 1179648K
  class space    used 10726K, committed 11776K, reserved 1048576K
}
Event: 24.273 GC heap after
{Heap after GC invocations=35 (full 0):
 garbage-first heap   total 132096K, used 81690K [0x00000000a0000000, 0x0000000100000000)
  region size 1024K, 5 young (5120K), 5 survivors (5120K)
 Metaspace       used 75218K, committed 77376K, reserved 1179648K
  class space    used 10726K, committed 11776K, reserved 1048576K
}
Event: 24.953 GC heap before
{Heap before GC invocations=36 (full 0):
 garbage-first heap   total 138240K, used 122650K [0x00000000a0000000, 0x0000000100000000)
  region size 1024K, 45 young (46080K), 5 survivors (5120K)
 Metaspace       used 76237K, committed 78464K, reserved 1179648K
  class space    used 10922K, committed 12032K, reserved 1048576K
}
Event: 24.961 GC heap after
{Heap after GC invocations=37 (full 0):
 garbage-first heap   total 138240K, used 86013K [0x00000000a0000000, 0x0000000100000000)
  region size 1024K, 6 young (6144K), 6 survivors (6144K)
 Metaspace       used 76237K, committed 78464K, reserved 1179648K
  class space    used 10922K, committed 12032K, reserved 1048576K
}
Event: 26.661 GC heap before
{Heap before GC invocations=37 (full 0):
 garbage-first heap   total 138240K, used 130045K [0x00000000a0000000, 0x0000000100000000)
  region size 1024K, 48 young (49152K), 6 survivors (6144K)
 Metaspace       used 78091K, committed 80320K, reserved 1179648K
  class space    used 11182K, committed 12288K, reserved 1048576K
}
Event: 26.682 GC heap after
{Heap after GC invocations=38 (full 0):
 garbage-first heap   total 142336K, used 90863K [0x00000000a0000000, 0x0000000100000000)
  region size 1024K, 5 young (5120K), 5 survivors (5120K)
 Metaspace       used 78091K, committed 80320K, reserved 1179648K
  class space    used 11182K, committed 12288K, reserved 1048576K
}
Event: 29.172 GC heap before
{Heap before GC invocations=38 (full 0):
 garbage-first heap   total 142336K, used 131823K [0x00000000a0000000, 0x0000000100000000)
  region size 1024K, 45 young (46080K), 5 survivors (5120K)
 Metaspace       used 80332K, committed 82624K, reserved 1179648K
  class space    used 11481K, committed 12608K, reserved 1048576K
}
Event: 29.180 GC heap after
{Heap after GC invocations=39 (full 0):
 garbage-first heap   total 142336K, used 94052K [0x00000000a0000000, 0x0000000100000000)
  region size 1024K, 3 young (3072K), 3 survivors (3072K)
 Metaspace       used 80332K, committed 82624K, reserved 1179648K
  class space    used 11481K, committed 12608K, reserved 1048576K
}
Event: 29.723 GC heap before
{Heap before GC invocations=40 (full 0):
 garbage-first heap   total 157696K, used 132964K [0x00000000a0000000, 0x0000000100000000)
  region size 1024K, 41 young (41984K), 3 survivors (3072K)
 Metaspace       used 82201K, committed 84416K, reserved 1179648K
  class space    used 11763K, committed 12864K, reserved 1048576K
}
Event: 29.728 GC heap after
{Heap after GC invocations=41 (full 0):
 garbage-first heap   total 157696K, used 97399K [0x00000000a0000000, 0x0000000100000000)
  region size 1024K, 6 young (6144K), 6 survivors (6144K)
 Metaspace       used 82201K, committed 84416K, reserved 1179648K
  class space    used 11763K, committed 12864K, reserved 1048576K
}

